<?xml version='1.0' encoding='UTF-8'?>
<testsuite hostname="Kevins-MBP" name="MainTest" tests="1" errors="0" failures="0" skipped="0" time="0.015" timestamp="2019-09-21T23:26:49">
                     <properties>
[...]
</properties>
                     <testcase classname="MainTest" name="cube" time="0.015">
                                                 
                                               </testcase>
                     <system-out><![CDATA[]]></system-out>
                     <system-err><![CDATA[]]></system-err>
                   </testsuite>